<?xml version="1.0" encoding="UTF-8"?>
<testng-results ignored="0" total="1" passed="1" failed="0" skipped="0">
  <reporter-output>
  </reporter-output>
  <suite started-at="2022-08-28T22:44:17Z" name="Default suite" finished-at="2022-08-28T22:44:20Z" duration-ms="3073">
    <groups>
    </groups>
    <test started-at="2022-08-28T22:44:17Z" name="Default test" finished-at="2022-08-28T22:44:20Z" duration-ms="3073">
      <class name="Practice02.PostMethod">
        <test-method signature="postMethod()[pri:0, instance:Practice02.PostMethod@7d898981]" started-at="2022-08-28T22:44:17Z" name="postMethod" finished-at="2022-08-28T22:44:20Z" duration-ms="3026" status="PASS">
          <reporter-output>
          </reporter-output>
        </test-method> <!-- postMethod -->
      </class> <!-- Practice02.PostMethod -->
    </test> <!-- Default test -->
  </suite> <!-- Default suite -->
</testng-results>
