<?xml version="1.0" encoding="UTF-8"?>
<testng-results ignored="0" total="1" passed="1" failed="0" skipped="0">
  <reporter-output>
  </reporter-output>
  <suite started-at="2022-10-03T16:03:03 IST" name="Default suite" finished-at="2022-10-03T16:03:03 IST" duration-ms="111">
    <groups>
    </groups>
    <test started-at="2022-10-03T16:03:03 IST" name="Default test" finished-at="2022-10-03T16:03:03 IST" duration-ms="111">
      <class name="Practice01.practice01">
        <test-method signature="assessment()[pri:0, instance:Practice01.practice01@193f604a]" started-at="2022-10-03T16:03:03 IST" name="assessment" finished-at="2022-10-03T16:03:03 IST" duration-ms="15" status="PASS">
          <reporter-output>
          </reporter-output>
        </test-method> <!-- assessment -->
      </class> <!-- Practice01.practice01 -->
    </test> <!-- Default test -->
  </suite> <!-- Default suite -->
</testng-results>
